<?xml version="1.0" encoding="UTF-8"?>
<testng-results ignored="0" total="3" passed="2" failed="1" skipped="0">
  <reporter-output>
  </reporter-output>
  <suite started-at="2023-05-26T15:39:17 IST" name="Default suite" finished-at="2023-05-26T15:39:30 IST" duration-ms="12608">
    <groups>
    </groups>
    <test started-at="2023-05-26T15:39:17 IST" name="Default test" finished-at="2023-05-26T15:39:30 IST" duration-ms="12608">
      <class name="test_scripts.TestScript1">
        <test-method is-config="true" signature="openAppln()[pri:0, instance:test_scripts.TestScript1@5562c41e]" started-at="2023-05-26T15:39:17 IST" name="openAppln" finished-at="2023-05-26T15:39:20 IST" duration-ms="3234" status="PASS">
          <reporter-output>
          </reporter-output>
        </test-method> <!-- openAppln -->
        <test-method signature="login(java.lang.String,java.lang.String)[pri:0, instance:test_scripts.TestScript1@5562c41e]" started-at="2023-05-26T15:39:20 IST" name="login" data-provider="data" finished-at="2023-05-26T15:39:21 IST" duration-ms="641" status="PASS">
          <params>
            <param index="0">
              <value>
                <![CDATA[im_veena]]>
              </value>
            </param>
            <param index="1">
              <value>
                <![CDATA[12346575]]>
              </value>
            </param>
          </params>
          <reporter-output>
          </reporter-output>
        </test-method> <!-- login -->
        <test-method is-config="true" signature="close(org.testng.ITestResult)[pri:0, instance:test_scripts.TestScript1@5562c41e]" started-at="2023-05-26T15:39:21 IST" name="close" finished-at="2023-05-26T15:39:21 IST" duration-ms="154" status="PASS">
          <params>
            <param index="0">
              <value>
                <![CDATA[[TestResult name=login status=SUCCESS method=TestScript1.login(java.lang.String,java.lang.String)[pri:0, instance:test_scripts.TestScript1@5562c41e] output={null}]]]>
              </value>
            </param>
          </params>
          <reporter-output>
          </reporter-output>
        </test-method> <!-- close -->
        <test-method is-config="true" signature="openAppln()[pri:0, instance:test_scripts.TestScript1@5562c41e]" started-at="2023-05-26T15:39:21 IST" name="openAppln" finished-at="2023-05-26T15:39:23 IST" duration-ms="1886" status="PASS">
          <reporter-output>
          </reporter-output>
        </test-method> <!-- openAppln -->
        <test-method signature="login(java.lang.String,java.lang.String)[pri:0, instance:test_scripts.TestScript1@5562c41e]" started-at="2023-05-26T15:39:23 IST" name="login" data-provider="data" finished-at="2023-05-26T15:39:24 IST" duration-ms="568" status="PASS">
          <params>
            <param index="0">
              <value>
                <![CDATA[veena]]>
              </value>
            </param>
            <param index="1">
              <value>
                <![CDATA[12345678]]>
              </value>
            </param>
          </params>
          <reporter-output>
          </reporter-output>
        </test-method> <!-- login -->
        <test-method is-config="true" signature="close(org.testng.ITestResult)[pri:0, instance:test_scripts.TestScript1@5562c41e]" started-at="2023-05-26T15:39:24 IST" name="close" finished-at="2023-05-26T15:39:24 IST" duration-ms="149" status="PASS">
          <params>
            <param index="0">
              <value>
                <![CDATA[[TestResult name=login status=SUCCESS method=TestScript1.login(java.lang.String,java.lang.String)[pri:0, instance:test_scripts.TestScript1@5562c41e] output={null}]]]>
              </value>
            </param>
          </params>
          <reporter-output>
          </reporter-output>
        </test-method> <!-- close -->
      </class> <!-- test_scripts.TestScript1 -->
      <class name="test_scripts.TestScript2">
        <test-method is-config="true" signature="openAppln()[pri:0, instance:test_scripts.TestScript2@2805d709]" started-at="2023-05-26T15:39:24 IST" name="openAppln" finished-at="2023-05-26T15:39:26 IST" duration-ms="2019" status="PASS">
          <reporter-output>
          </reporter-output>
        </test-method> <!-- openAppln -->
        <test-method signature="login()[pri:0, instance:test_scripts.TestScript2@2805d709]" started-at="2023-05-26T15:39:26 IST" name="login" finished-at="2023-05-26T15:39:29 IST" duration-ms="3457" status="FAIL">
          <exception class="java.lang.AssertionError">
            <message>
              <![CDATA[null]]>
            </message>
            <full-stacktrace>
              <![CDATA[java.lang.AssertionError: null
at org.testng.Assert.fail(Assert.java:99)
at org.testng.Assert.fail(Assert.java:106)
at test_scripts.TestScript2.login(TestScript2.java:22)
at java.base/jdk.internal.reflect.NativeMethodAccessorImpl.invoke0(Native Method)
at java.base/jdk.internal.reflect.NativeMethodAccessorImpl.invoke(NativeMethodAccessorImpl.java:77)
at java.base/jdk.internal.reflect.DelegatingMethodAccessorImpl.invoke(DelegatingMethodAccessorImpl.java:43)
at java.base/java.lang.reflect.Method.invoke(Method.java:568)
at org.testng.internal.MethodInvocationHelper.invokeMethod(MethodInvocationHelper.java:133)
at org.testng.internal.TestInvoker.invokeMethod(TestInvoker.java:598)
at org.testng.internal.TestInvoker.invokeTestMethod(TestInvoker.java:173)
at org.testng.internal.MethodRunner.runInSequence(MethodRunner.java:46)
at org.testng.internal.TestInvoker$MethodInvocationAgent.invoke(TestInvoker.java:824)
at org.testng.internal.TestInvoker.invokeTestMethods(TestInvoker.java:146)
at org.testng.internal.TestMethodWorker.invokeTestMethods(TestMethodWorker.java:146)
at org.testng.internal.TestMethodWorker.run(TestMethodWorker.java:128)
at java.base/java.util.ArrayList.forEach(ArrayList.java:1511)
at org.testng.TestRunner.privateRun(TestRunner.java:794)
at org.testng.TestRunner.run(TestRunner.java:596)
at org.testng.SuiteRunner.runTest(SuiteRunner.java:377)
at org.testng.SuiteRunner.runSequentially(SuiteRunner.java:371)
at org.testng.SuiteRunner.privateRun(SuiteRunner.java:332)
at org.testng.SuiteRunner.run(SuiteRunner.java:276)
at org.testng.SuiteRunnerWorker.runSuite(SuiteRunnerWorker.java:53)
at org.testng.SuiteRunnerWorker.run(SuiteRunnerWorker.java:96)
at org.testng.TestNG.runSuitesSequentially(TestNG.java:1212)
at org.testng.TestNG.runSuitesLocally(TestNG.java:1134)
at org.testng.TestNG.runSuites(TestNG.java:1063)
at org.testng.TestNG.run(TestNG.java:1031)
at org.testng.remote.AbstractRemoteTestNG.run(AbstractRemoteTestNG.java:115)
at org.testng.remote.RemoteTestNG.initAndRun(RemoteTestNG.java:251)
at org.testng.remote.RemoteTestNG.main(RemoteTestNG.java:77)
]]>
            </full-stacktrace>
          </exception> <!-- java.lang.AssertionError -->
          <reporter-output>
          </reporter-output>
        </test-method> <!-- login -->
        <test-method is-config="true" signature="close(org.testng.ITestResult)[pri:0, instance:test_scripts.TestScript2@2805d709]" started-at="2023-05-26T15:39:29 IST" name="close" finished-at="2023-05-26T15:39:30 IST" duration-ms="454" status="PASS">
          <params>
            <param index="0">
              <value>
                <![CDATA[[TestResult name=login status=FAILURE method=TestScript2.login()[pri:0, instance:test_scripts.TestScript2@2805d709] output={null}]]]>
              </value>
            </param>
          </params>
          <reporter-output>
          </reporter-output>
        </test-method> <!-- close -->
      </class> <!-- test_scripts.TestScript2 -->
    </test> <!-- Default test -->
  </suite> <!-- Default suite -->
</testng-results>
